  [1m[36m (1.3ms)[0m  [1mCREATE TABLE "schema_migrations" ("version" varchar(255) NOT NULL) [0m
  [1m[35m (0.1ms)[0m  select sqlite_version(*)
  [1m[36m (1.0ms)[0m  [1mCREATE UNIQUE INDEX "unique_schema_migrations" ON "schema_migrations" ("version")[0m
  [1m[35mActiveRecord::SchemaMigration Load (0.1ms)[0m  SELECT "schema_migrations".* FROM "schema_migrations"
Migrating to CreateUsers (20150520190133)
  [1m[36m (0.1ms)[0m  [1mbegin transaction[0m
  [1m[35m (0.5ms)[0m  CREATE TABLE "users" ("id" INTEGER PRIMARY KEY AUTOINCREMENT NOT NULL, "name" varchar(255), "username" varchar(255), "password_digest" varchar(255), "created_at" datetime, "updated_at" datetime) 
  [1m[36mSQL (0.3ms)[0m  [1mINSERT INTO "schema_migrations" ("version") VALUES (?)[0m  [["version", "20150520190133"]]
  [1m[35m (1.4ms)[0m  commit transaction
Migrating to CreateGenres (20150520190148)
  [1m[36m (0.1ms)[0m  [1mbegin transaction[0m
  [1m[35m (0.5ms)[0m  CREATE TABLE "genres" ("id" INTEGER PRIMARY KEY AUTOINCREMENT NOT NULL, "name" varchar(255), "created_at" datetime, "updated_at" datetime) 
  [1m[36mSQL (0.2ms)[0m  [1mINSERT INTO "schema_migrations" ("version") VALUES (?)[0m  [["version", "20150520190148"]]
  [1m[35m (0.9ms)[0m  commit transaction
Migrating to CreateMovies (20150520190305)
  [1m[36m (0.1ms)[0m  [1mbegin transaction[0m
  [1m[35m (0.3ms)[0m  CREATE TABLE "movies" ("id" INTEGER PRIMARY KEY AUTOINCREMENT NOT NULL, "title" varchar(255), "runtime" integer, "synopsis" text, "genre_id" integer, "created_at" datetime, "updated_at" datetime) 
  [1m[36m (0.1ms)[0m  [1mCREATE  INDEX "index_movies_on_genre_id" ON "movies" ("genre_id")[0m
  [1m[35mSQL (0.1ms)[0m  INSERT INTO "schema_migrations" ("version") VALUES (?)  [["version", "20150520190305"]]
  [1m[36m (1.2ms)[0m  [1mcommit transaction[0m
Migrating to CreateVotes (20150520190730)
  [1m[35m (0.1ms)[0m  begin transaction
  [1m[36m (0.3ms)[0m  [1mCREATE TABLE "votes" ("id" INTEGER PRIMARY KEY AUTOINCREMENT NOT NULL, "direction" boolean, "user_id" integer, "voteable_id" integer, "voteable_type" varchar(255), "created_at" datetime, "updated_at" datetime) [0m
  [1m[35m (0.1ms)[0m  CREATE  INDEX "index_votes_on_user_id" ON "votes" ("user_id")
  [1m[36m (0.1ms)[0m  [1m            SELECT sql
            FROM sqlite_master
            WHERE name='index_votes_on_user_id' AND type='index'
            UNION ALL
            SELECT sql
            FROM sqlite_temp_master
            WHERE name='index_votes_on_user_id' AND type='index'
[0m
  [1m[35m (0.1ms)[0m  CREATE  INDEX "index_votes_on_voteable_id_and_voteable_type" ON "votes" ("voteable_id", "voteable_type")
  [1m[36mSQL (0.1ms)[0m  [1mINSERT INTO "schema_migrations" ("version") VALUES (?)[0m  [["version", "20150520190730"]]
  [1m[35m (1.8ms)[0m  commit transaction
Migrating to CreateReviews (20150520191101)
  [1m[36m (0.1ms)[0m  [1mbegin transaction[0m
  [1m[35m (0.3ms)[0m  CREATE TABLE "reviews" ("id" INTEGER PRIMARY KEY AUTOINCREMENT NOT NULL, "body" text, "score" integer, "movie_id" integer, "user_id" integer, "created_at" datetime, "updated_at" datetime) 
  [1m[36m (0.1ms)[0m  [1mCREATE  INDEX "index_reviews_on_movie_id" ON "reviews" ("movie_id")[0m
  [1m[35m (0.1ms)[0m              SELECT sql
            FROM sqlite_master
            WHERE name='index_reviews_on_movie_id' AND type='index'
            UNION ALL
            SELECT sql
            FROM sqlite_temp_master
            WHERE name='index_reviews_on_movie_id' AND type='index'

  [1m[36m (0.1ms)[0m  [1mCREATE  INDEX "index_reviews_on_user_id" ON "reviews" ("user_id")[0m
  [1m[35mSQL (0.1ms)[0m  INSERT INTO "schema_migrations" ("version") VALUES (?)  [["version", "20150520191101"]]
  [1m[36m (1.3ms)[0m  [1mcommit transaction[0m
Migrating to CreateComments (20150520191150)
  [1m[35m (0.1ms)[0m  begin transaction
  [1m[36m (0.3ms)[0m  [1mCREATE TABLE "comments" ("id" INTEGER PRIMARY KEY AUTOINCREMENT NOT NULL, "body" text, "user_id" integer, "commentable_id" integer, "commentable_type" varchar(255), "created_at" datetime, "updated_at" datetime) [0m
  [1m[35m (0.1ms)[0m  CREATE  INDEX "index_comments_on_user_id" ON "comments" ("user_id")
  [1m[36m (0.1ms)[0m  [1m            SELECT sql
            FROM sqlite_master
            WHERE name='index_comments_on_user_id' AND type='index'
            UNION ALL
            SELECT sql
            FROM sqlite_temp_master
            WHERE name='index_comments_on_user_id' AND type='index'
[0m
  [1m[35m (0.1ms)[0m  CREATE  INDEX "index_comments_on_commentable_id_and_commentable_type" ON "comments" ("commentable_id", "commentable_type")
  [1m[36mSQL (0.1ms)[0m  [1mINSERT INTO "schema_migrations" ("version") VALUES (?)[0m  [["version", "20150520191150"]]
  [1m[35m (1.3ms)[0m  commit transaction
  [1m[36mActiveRecord::SchemaMigration Load (0.1ms)[0m  [1mSELECT "schema_migrations".* FROM "schema_migrations"[0m
  [1m[35m (0.1ms)[0m              SELECT sql
            FROM sqlite_master
            WHERE name='index_comments_on_commentable_id_and_commentable_type' AND type='index'
            UNION ALL
            SELECT sql
            FROM sqlite_temp_master
            WHERE name='index_comments_on_commentable_id_and_commentable_type' AND type='index'

  [1m[36m (0.1ms)[0m  [1m            SELECT sql
            FROM sqlite_master
            WHERE name='index_comments_on_user_id' AND type='index'
            UNION ALL
            SELECT sql
            FROM sqlite_temp_master
            WHERE name='index_comments_on_user_id' AND type='index'
[0m
  [1m[35m (0.1ms)[0m              SELECT sql
            FROM sqlite_master
            WHERE name='index_movies_on_genre_id' AND type='index'
            UNION ALL
            SELECT sql
            FROM sqlite_temp_master
            WHERE name='index_movies_on_genre_id' AND type='index'

  [1m[36m (0.1ms)[0m  [1m            SELECT sql
            FROM sqlite_master
            WHERE name='index_reviews_on_user_id' AND type='index'
            UNION ALL
            SELECT sql
            FROM sqlite_temp_master
            WHERE name='index_reviews_on_user_id' AND type='index'
[0m
  [1m[35m (0.1ms)[0m              SELECT sql
            FROM sqlite_master
            WHERE name='index_reviews_on_movie_id' AND type='index'
            UNION ALL
            SELECT sql
            FROM sqlite_temp_master
            WHERE name='index_reviews_on_movie_id' AND type='index'

  [1m[36m (0.1ms)[0m  [1m            SELECT sql
            FROM sqlite_master
            WHERE name='index_votes_on_voteable_id_and_voteable_type' AND type='index'
            UNION ALL
            SELECT sql
            FROM sqlite_temp_master
            WHERE name='index_votes_on_voteable_id_and_voteable_type' AND type='index'
[0m
  [1m[35m (0.1ms)[0m              SELECT sql
            FROM sqlite_master
            WHERE name='index_votes_on_user_id' AND type='index'
            UNION ALL
            SELECT sql
            FROM sqlite_temp_master
            WHERE name='index_votes_on_user_id' AND type='index'

  [1m[36mActiveRecord::SchemaMigration Load (0.1ms)[0m  [1mSELECT "schema_migrations".* FROM "schema_migrations"[0m
  [1m[35m (0.1ms)[0m  begin transaction
  [1m[36mSQL (0.7ms)[0m  [1mINSERT INTO "genres" ("created_at", "name", "updated_at") VALUES (?, ?, ?)[0m  [["created_at", "2015-05-20 19:39:31.008794"], ["name", "Comedy"], ["updated_at", "2015-05-20 19:39:31.008794"]]
  [1m[35m (1.3ms)[0m  commit transaction
  [1m[36m (0.0ms)[0m  [1mbegin transaction[0m
  [1m[35mSQL (0.7ms)[0m  INSERT INTO "movies" ("created_at", "genre_id", "runtime", "synopsis", "title", "updated_at") VALUES (?, ?, ?, ?, ?, ?)  [["created_at", "2015-05-20 19:39:31.050080"], ["genre_id", 1], ["runtime", 105], ["synopsis", "Three unemployed parapsychology professors set up shop as a unique ghost removal service."], ["title", "Ghostbusters"], ["updated_at", "2015-05-20 19:39:31.050080"]]
  [1m[36m (1.2ms)[0m  [1mcommit transaction[0m
  [1m[35m (0.1ms)[0m  begin transaction
Binary data inserted for `string` type on column `password_digest`
  [1m[36mSQL (0.4ms)[0m  [1mINSERT INTO "users" ("created_at", "name", "password_digest", "updated_at", "username") VALUES (?, ?, ?, ?, ?)[0m  [["created_at", "2015-05-20 19:39:31.135459"], ["name", "Bobbo"], ["password_digest", "$2a$10$ROOl8a1d1E3oTFlsnxKZ5.JKo5r3jcbsJjk7iFfHea7rDeXL5fzCa"], ["updated_at", "2015-05-20 19:39:31.135459"], ["username", "Bob"]]
  [1m[35m (1.4ms)[0m  commit transaction
  [1m[36m (0.1ms)[0m  [1mbegin transaction[0m
  [1m[35mSQL (0.4ms)[0m  INSERT INTO "reviews" ("body", "created_at", "movie_id", "score", "updated_at", "user_id") VALUES (?, ?, ?, ?, ?, ?)  [["body", "BEST MOVIE EVAAAAAAR!!!!! I LOVE RICK MORANIS"], ["created_at", "2015-05-20 19:39:31.153342"], ["movie_id", 1], ["score", 10], ["updated_at", "2015-05-20 19:39:31.153342"], ["user_id", 1]]
  [1m[36m (1.2ms)[0m  [1mcommit transaction[0m
  [1m[35m (0.0ms)[0m  begin transaction
  [1m[36mSQL (0.4ms)[0m  [1mINSERT INTO "comments" ("body", "commentable_id", "commentable_type", "created_at", "updated_at", "user_id") VALUES (?, ?, ?, ?, ?, ?)[0m  [["body", "don't cross the streams!"], ["commentable_id", 1], ["commentable_type", "Review"], ["created_at", "2015-05-20 19:39:31.167338"], ["updated_at", "2015-05-20 19:39:31.167338"], ["user_id", 1]]
  [1m[35m (1.0ms)[0m  commit transaction
  [1m[36m (0.1ms)[0m  [1mbegin transaction[0m
  [1m[35m (0.0ms)[0m  rollback transaction
  [1m[36mActiveRecord::SchemaMigration Load (0.1ms)[0m  [1mSELECT "schema_migrations".* FROM "schema_migrations"[0m
  [1m[35m (0.2ms)[0m  begin transaction
  [1m[36mSQL (0.5ms)[0m  [1mINSERT INTO "genres" ("created_at", "name", "updated_at") VALUES (?, ?, ?)[0m  [["created_at", "2015-05-20 19:40:33.219910"], ["name", "Comedy"], ["updated_at", "2015-05-20 19:40:33.219910"]]
  [1m[35m (1.2ms)[0m  commit transaction
  [1m[36m (0.0ms)[0m  [1mbegin transaction[0m
  [1m[35mSQL (0.4ms)[0m  INSERT INTO "movies" ("created_at", "genre_id", "runtime", "synopsis", "title", "updated_at") VALUES (?, ?, ?, ?, ?, ?)  [["created_at", "2015-05-20 19:40:33.247441"], ["genre_id", 2], ["runtime", 105], ["synopsis", "Three unemployed parapsychology professors set up shop as a unique ghost removal service."], ["title", "Ghostbusters"], ["updated_at", "2015-05-20 19:40:33.247441"]]
  [1m[36m (1.3ms)[0m  [1mcommit transaction[0m
  [1m[35m (0.1ms)[0m  begin transaction
Binary data inserted for `string` type on column `password_digest`
  [1m[36mSQL (0.3ms)[0m  [1mINSERT INTO "users" ("created_at", "name", "password_digest", "updated_at", "username") VALUES (?, ?, ?, ?, ?)[0m  [["created_at", "2015-05-20 19:40:33.329725"], ["name", "Bobbo"], ["password_digest", "$2a$10$.HW.4IWcR6wjOpnb.e40AOmDfiDXvobhbHuV5yGZDhrbv0Sj6NqE6"], ["updated_at", "2015-05-20 19:40:33.329725"], ["username", "Bob"]]
  [1m[35m (1.1ms)[0m  commit transaction
  [1m[36m (0.0ms)[0m  [1mbegin transaction[0m
  [1m[35mSQL (0.4ms)[0m  INSERT INTO "reviews" ("body", "created_at", "movie_id", "score", "updated_at", "user_id") VALUES (?, ?, ?, ?, ?, ?)  [["body", "BEST MOVIE EVAAAAAAR!!!!! I LOVE RICK MORANIS"], ["created_at", "2015-05-20 19:40:33.344682"], ["movie_id", 2], ["score", 10], ["updated_at", "2015-05-20 19:40:33.344682"], ["user_id", 2]]
  [1m[36m (1.1ms)[0m  [1mcommit transaction[0m
  [1m[35m (0.0ms)[0m  begin transaction
  [1m[36mSQL (0.5ms)[0m  [1mINSERT INTO "comments" ("body", "commentable_id", "commentable_type", "created_at", "updated_at", "user_id") VALUES (?, ?, ?, ?, ?, ?)[0m  [["body", "don't cross the streams!"], ["commentable_id", 2], ["commentable_type", "Review"], ["created_at", "2015-05-20 19:40:33.358535"], ["updated_at", "2015-05-20 19:40:33.358535"], ["user_id", 2]]
  [1m[35m (1.1ms)[0m  commit transaction
  [1m[36m (0.1ms)[0m  [1mbegin transaction[0m
  [1m[35mSQL (0.3ms)[0m  INSERT INTO "comments" ("body", "commentable_id", "commentable_type", "created_at", "updated_at", "user_id") VALUES (?, ?, ?, ?, ?, ?)  [["body", "i love this movie. it's so cool."], ["commentable_id", 2], ["commentable_type", "Movie"], ["created_at", "2015-05-20 19:40:33.362830"], ["updated_at", "2015-05-20 19:40:33.362830"], ["user_id", 2]]
  [1m[36m (1.1ms)[0m  [1mcommit transaction[0m
  [1m[35m (0.0ms)[0m  begin transaction
  [1m[36mSQL (0.2ms)[0m  [1mINSERT INTO "comments" ("body", "commentable_id", "commentable_type", "created_at", "updated_at", "user_id") VALUES (?, ?, ?, ?, ?, ?)[0m  [["body", "i agree. this movie is so cool. and i'm commeting on my own comment. i agree so much with myself"], ["commentable_id", 3], ["commentable_type", "Comment"], ["created_at", "2015-05-20 19:40:33.366167"], ["updated_at", "2015-05-20 19:40:33.366167"], ["user_id", 2]]
  [1m[35m (1.1ms)[0m  commit transaction
  [1m[36m (0.0ms)[0m  [1mbegin transaction[0m
  [1m[35mSQL (0.4ms)[0m  INSERT INTO "votes" ("created_at", "direction", "updated_at", "user_id", "voteable_id", "voteable_type") VALUES (?, ?, ?, ?, ?, ?)  [["created_at", "2015-05-20 19:40:33.377848"], ["direction", "t"], ["updated_at", "2015-05-20 19:40:33.377848"], ["user_id", 2], ["voteable_id", 2], ["voteable_type", "Comment"]]
  [1m[36m (1.2ms)[0m  [1mcommit transaction[0m
  [1m[35m (0.1ms)[0m  begin transaction
  [1m[36mSQL (0.3ms)[0m  [1mINSERT INTO "votes" ("created_at", "direction", "updated_at", "user_id", "voteable_id", "voteable_type") VALUES (?, ?, ?, ?, ?, ?)[0m  [["created_at", "2015-05-20 19:40:33.382379"], ["direction", "t"], ["updated_at", "2015-05-20 19:40:33.382379"], ["user_id", 2], ["voteable_id", 2], ["voteable_type", "Review"]]
  [1m[35m (1.2ms)[0m  commit transaction
  [1m[36mMovie Load (1.3ms)[0m  [1mSELECT "movies".* FROM "movies"[0m
  [1m[35mMovie Load (0.3ms)[0m  SELECT  "movies".* FROM "movies"   ORDER BY "movies"."id" ASC LIMIT 1
  [1m[36mComment Load (0.3ms)[0m  [1mSELECT "comments".* FROM "comments"  WHERE "comments"."commentable_id" = ? AND "comments"."commentable_type" = ?[0m  [["commentable_id", 1], ["commentable_type", "Movie"]]
  [1m[35mComment Load (0.5ms)[0m  SELECT "comments".* FROM "comments"
  [1m[36m (5.9ms)[0m  [1mCREATE TABLE "schema_migrations" ("version" varchar(255) NOT NULL) [0m
  [1m[35m (0.1ms)[0m  select sqlite_version(*)
  [1m[36m (1.4ms)[0m  [1mCREATE UNIQUE INDEX "unique_schema_migrations" ON "schema_migrations" ("version")[0m
  [1m[35mActiveRecord::SchemaMigration Load (0.1ms)[0m  SELECT "schema_migrations".* FROM "schema_migrations"
Migrating to CreateUsers (20150520190133)
  [1m[36m (0.1ms)[0m  [1mbegin transaction[0m
  [1m[35m (0.4ms)[0m  CREATE TABLE "users" ("id" INTEGER PRIMARY KEY AUTOINCREMENT NOT NULL, "name" varchar(255), "username" varchar(255), "password_digest" varchar(255), "created_at" datetime, "updated_at" datetime) 
  [1m[36mSQL (0.4ms)[0m  [1mINSERT INTO "schema_migrations" ("version") VALUES (?)[0m  [["version", "20150520190133"]]
  [1m[35m (1.1ms)[0m  commit transaction
Migrating to CreateGenres (20150520190148)
  [1m[36m (0.1ms)[0m  [1mbegin transaction[0m
  [1m[35m (0.4ms)[0m  CREATE TABLE "genres" ("id" INTEGER PRIMARY KEY AUTOINCREMENT NOT NULL, "name" varchar(255), "created_at" datetime, "updated_at" datetime) 
  [1m[36mSQL (0.2ms)[0m  [1mINSERT INTO "schema_migrations" ("version") VALUES (?)[0m  [["version", "20150520190148"]]
  [1m[35m (1.1ms)[0m  commit transaction
Migrating to CreateMovies (20150520190305)
  [1m[36m (0.1ms)[0m  [1mbegin transaction[0m
  [1m[35m (0.3ms)[0m  CREATE TABLE "movies" ("id" INTEGER PRIMARY KEY AUTOINCREMENT NOT NULL, "title" varchar(255), "runtime" integer, "synopsis" text, "genre_id" integer, "created_at" datetime, "updated_at" datetime) 
  [1m[36m (0.1ms)[0m  [1mCREATE  INDEX "index_movies_on_genre_id" ON "movies" ("genre_id")[0m
  [1m[35mSQL (0.1ms)[0m  INSERT INTO "schema_migrations" ("version") VALUES (?)  [["version", "20150520190305"]]
  [1m[36m (1.1ms)[0m  [1mcommit transaction[0m
Migrating to CreateVotes (20150520190730)
  [1m[35m (0.1ms)[0m  begin transaction
  [1m[36m (0.3ms)[0m  [1mCREATE TABLE "votes" ("id" INTEGER PRIMARY KEY AUTOINCREMENT NOT NULL, "direction" boolean, "user_id" integer, "voteable_id" integer, "voteable_type" varchar(255), "created_at" datetime, "updated_at" datetime) [0m
  [1m[35m (0.1ms)[0m  CREATE  INDEX "index_votes_on_user_id" ON "votes" ("user_id")
  [1m[36m (0.1ms)[0m  [1m            SELECT sql
            FROM sqlite_master
            WHERE name='index_votes_on_user_id' AND type='index'
            UNION ALL
            SELECT sql
            FROM sqlite_temp_master
            WHERE name='index_votes_on_user_id' AND type='index'
[0m
  [1m[35m (0.1ms)[0m  CREATE  INDEX "index_votes_on_voteable_id_and_voteable_type" ON "votes" ("voteable_id", "voteable_type")
  [1m[36mSQL (0.1ms)[0m  [1mINSERT INTO "schema_migrations" ("version") VALUES (?)[0m  [["version", "20150520190730"]]
  [1m[35m (1.1ms)[0m  commit transaction
Migrating to CreateReviews (20150520191101)
  [1m[36m (0.1ms)[0m  [1mbegin transaction[0m
  [1m[35m (0.3ms)[0m  CREATE TABLE "reviews" ("id" INTEGER PRIMARY KEY AUTOINCREMENT NOT NULL, "body" text, "score" integer, "movie_id" integer, "user_id" integer, "created_at" datetime, "updated_at" datetime) 
  [1m[36m (0.1ms)[0m  [1mCREATE  INDEX "index_reviews_on_movie_id" ON "reviews" ("movie_id")[0m
  [1m[35m (0.1ms)[0m              SELECT sql
            FROM sqlite_master
            WHERE name='index_reviews_on_movie_id' AND type='index'
            UNION ALL
            SELECT sql
            FROM sqlite_temp_master
            WHERE name='index_reviews_on_movie_id' AND type='index'

  [1m[36m (0.1ms)[0m  [1mCREATE  INDEX "index_reviews_on_user_id" ON "reviews" ("user_id")[0m
  [1m[35mSQL (0.1ms)[0m  INSERT INTO "schema_migrations" ("version") VALUES (?)  [["version", "20150520191101"]]
  [1m[36m (1.2ms)[0m  [1mcommit transaction[0m
Migrating to CreateComments (20150520191150)
  [1m[35m (0.1ms)[0m  begin transaction
  [1m[36m (0.5ms)[0m  [1mCREATE TABLE "comments" ("id" INTEGER PRIMARY KEY AUTOINCREMENT NOT NULL, "body" text, "user_id" integer, "commentable_id" integer, "commentable_type" varchar(255), "created_at" datetime, "updated_at" datetime) [0m
  [1m[35m (0.2ms)[0m  CREATE  INDEX "index_comments_on_user_id" ON "comments" ("user_id")
  [1m[36m (0.1ms)[0m  [1m            SELECT sql
            FROM sqlite_master
            WHERE name='index_comments_on_user_id' AND type='index'
            UNION ALL
            SELECT sql
            FROM sqlite_temp_master
            WHERE name='index_comments_on_user_id' AND type='index'
[0m
  [1m[35m (0.2ms)[0m  CREATE  INDEX "index_comments_on_commentable_id_and_commentable_type" ON "comments" ("commentable_id", "commentable_type")
  [1m[36mSQL (0.2ms)[0m  [1mINSERT INTO "schema_migrations" ("version") VALUES (?)[0m  [["version", "20150520191150"]]
  [1m[35m (1.2ms)[0m  commit transaction
  [1m[36mActiveRecord::SchemaMigration Load (0.1ms)[0m  [1mSELECT "schema_migrations".* FROM "schema_migrations"[0m
  [1m[35m (0.1ms)[0m              SELECT sql
            FROM sqlite_master
            WHERE name='index_comments_on_commentable_id_and_commentable_type' AND type='index'
            UNION ALL
            SELECT sql
            FROM sqlite_temp_master
            WHERE name='index_comments_on_commentable_id_and_commentable_type' AND type='index'

  [1m[36m (0.1ms)[0m  [1m            SELECT sql
            FROM sqlite_master
            WHERE name='index_comments_on_user_id' AND type='index'
            UNION ALL
            SELECT sql
            FROM sqlite_temp_master
            WHERE name='index_comments_on_user_id' AND type='index'
[0m
  [1m[35m (0.1ms)[0m              SELECT sql
            FROM sqlite_master
            WHERE name='index_movies_on_genre_id' AND type='index'
            UNION ALL
            SELECT sql
            FROM sqlite_temp_master
            WHERE name='index_movies_on_genre_id' AND type='index'

  [1m[36m (0.1ms)[0m  [1m            SELECT sql
            FROM sqlite_master
            WHERE name='index_reviews_on_user_id' AND type='index'
            UNION ALL
            SELECT sql
            FROM sqlite_temp_master
            WHERE name='index_reviews_on_user_id' AND type='index'
[0m
  [1m[35m (0.1ms)[0m              SELECT sql
            FROM sqlite_master
            WHERE name='index_reviews_on_movie_id' AND type='index'
            UNION ALL
            SELECT sql
            FROM sqlite_temp_master
            WHERE name='index_reviews_on_movie_id' AND type='index'

  [1m[36m (0.1ms)[0m  [1m            SELECT sql
            FROM sqlite_master
            WHERE name='index_votes_on_voteable_id_and_voteable_type' AND type='index'
            UNION ALL
            SELECT sql
            FROM sqlite_temp_master
            WHERE name='index_votes_on_voteable_id_and_voteable_type' AND type='index'
[0m
  [1m[35m (0.1ms)[0m              SELECT sql
            FROM sqlite_master
            WHERE name='index_votes_on_user_id' AND type='index'
            UNION ALL
            SELECT sql
            FROM sqlite_temp_master
            WHERE name='index_votes_on_user_id' AND type='index'

  [1m[36mActiveRecord::SchemaMigration Load (0.1ms)[0m  [1mSELECT "schema_migrations".* FROM "schema_migrations"[0m
  [1m[35m (0.1ms)[0m  begin transaction
  [1m[36mSQL (0.4ms)[0m  [1mINSERT INTO "genres" ("created_at", "name", "updated_at") VALUES (?, ?, ?)[0m  [["created_at", "2015-05-20 19:42:04.789546"], ["name", "Comedy"], ["updated_at", "2015-05-20 19:42:04.789546"]]
  [1m[35m (5.9ms)[0m  commit transaction
  [1m[36m (0.0ms)[0m  [1mbegin transaction[0m
  [1m[35mSQL (0.4ms)[0m  INSERT INTO "movies" ("created_at", "genre_id", "runtime", "synopsis", "title", "updated_at") VALUES (?, ?, ?, ?, ?, ?)  [["created_at", "2015-05-20 19:42:04.821815"], ["genre_id", 1], ["runtime", 105], ["synopsis", "Three unemployed parapsychology professors set up shop as a unique ghost removal service."], ["title", "Ghostbusters"], ["updated_at", "2015-05-20 19:42:04.821815"]]
  [1m[36m (1.2ms)[0m  [1mcommit transaction[0m
  [1m[35m (0.1ms)[0m  begin transaction
Binary data inserted for `string` type on column `password_digest`
  [1m[36mSQL (0.4ms)[0m  [1mINSERT INTO "users" ("created_at", "name", "password_digest", "updated_at", "username") VALUES (?, ?, ?, ?, ?)[0m  [["created_at", "2015-05-20 19:42:04.906534"], ["name", "Bobbo"], ["password_digest", "$2a$10$jOKc6caYEPeLZZfh7Hy0f.KQu/cOFvirOWS59bc5uBSJ/7hNCOeDS"], ["updated_at", "2015-05-20 19:42:04.906534"], ["username", "Bob"]]
  [1m[35m (1.3ms)[0m  commit transaction
  [1m[36m (0.0ms)[0m  [1mbegin transaction[0m
  [1m[35mSQL (0.4ms)[0m  INSERT INTO "reviews" ("body", "created_at", "movie_id", "score", "updated_at", "user_id") VALUES (?, ?, ?, ?, ?, ?)  [["body", "BEST MOVIE EVAAAAAAR!!!!! I LOVE RICK MORANIS"], ["created_at", "2015-05-20 19:42:04.920411"], ["movie_id", 1], ["score", 10], ["updated_at", "2015-05-20 19:42:04.920411"], ["user_id", 1]]
  [1m[36m (1.2ms)[0m  [1mcommit transaction[0m
  [1m[35m (0.0ms)[0m  begin transaction
  [1m[36mSQL (0.4ms)[0m  [1mINSERT INTO "comments" ("body", "commentable_id", "commentable_type", "created_at", "updated_at", "user_id") VALUES (?, ?, ?, ?, ?, ?)[0m  [["body", "don't cross the streams!"], ["commentable_id", 1], ["commentable_type", "Review"], ["created_at", "2015-05-20 19:42:04.934121"], ["updated_at", "2015-05-20 19:42:04.934121"], ["user_id", 1]]
  [1m[35m (1.2ms)[0m  commit transaction
  [1m[36m (0.0ms)[0m  [1mbegin transaction[0m
  [1m[35mSQL (0.3ms)[0m  INSERT INTO "comments" ("body", "commentable_id", "commentable_type", "created_at", "updated_at", "user_id") VALUES (?, ?, ?, ?, ?, ?)  [["body", "i love this movie. it's so cool."], ["commentable_id", 1], ["commentable_type", "Movie"], ["created_at", "2015-05-20 19:42:04.938572"], ["updated_at", "2015-05-20 19:42:04.938572"], ["user_id", 1]]
  [1m[36m (1.2ms)[0m  [1mcommit transaction[0m
  [1m[35m (0.0ms)[0m  begin transaction
  [1m[36mSQL (0.2ms)[0m  [1mINSERT INTO "comments" ("body", "commentable_id", "commentable_type", "created_at", "updated_at", "user_id") VALUES (?, ?, ?, ?, ?, ?)[0m  [["body", "i agree. this movie is so cool. and i'm commeting on my own comment. i agree so much with myself"], ["commentable_id", 2], ["commentable_type", "Comment"], ["created_at", "2015-05-20 19:42:04.942035"], ["updated_at", "2015-05-20 19:42:04.942035"], ["user_id", 1]]
  [1m[35m (1.2ms)[0m  commit transaction
  [1m[36m (0.1ms)[0m  [1mbegin transaction[0m
  [1m[35mSQL (0.4ms)[0m  INSERT INTO "votes" ("created_at", "direction", "updated_at", "user_id", "voteable_id", "voteable_type") VALUES (?, ?, ?, ?, ?, ?)  [["created_at", "2015-05-20 19:42:04.952955"], ["direction", "t"], ["updated_at", "2015-05-20 19:42:04.952955"], ["user_id", 1], ["voteable_id", 1], ["voteable_type", "Comment"]]
  [1m[36m (1.2ms)[0m  [1mcommit transaction[0m
  [1m[35m (0.0ms)[0m  begin transaction
  [1m[36mSQL (0.3ms)[0m  [1mINSERT INTO "votes" ("created_at", "direction", "updated_at", "user_id", "voteable_id", "voteable_type") VALUES (?, ?, ?, ?, ?, ?)[0m  [["created_at", "2015-05-20 19:42:04.957114"], ["direction", "t"], ["updated_at", "2015-05-20 19:42:04.957114"], ["user_id", 1], ["voteable_id", 1], ["voteable_type", "Review"]]
  [1m[35m (1.2ms)[0m  commit transaction
  [1m[36mComment Load (1.2ms)[0m  [1mSELECT "comments".* FROM "comments"[0m
  [1m[35mMovie Load (0.2ms)[0m  SELECT  "movies".* FROM "movies"   ORDER BY "movies"."id" ASC LIMIT 1
  [1m[36mComment Load (0.3ms)[0m  [1mSELECT "comments".* FROM "comments"  WHERE "comments"."commentable_id" = ? AND "comments"."commentable_type" = ?[0m  [["commentable_id", 1], ["commentable_type", "Movie"]]
  [1m[35mGenre Load (0.2ms)[0m  SELECT  "genres".* FROM "genres"  WHERE "genres"."id" = ? LIMIT 1  [["id", 1]]
  [1m[36mReview Load (0.2ms)[0m  [1mSELECT "reviews".* FROM "reviews"  WHERE "reviews"."movie_id" = ?[0m  [["movie_id", 1]]
  [1m[35mUser Load (0.2ms)[0m  SELECT "users".* FROM "users" INNER JOIN "reviews" ON "users"."id" = "reviews"."user_id" WHERE "reviews"."movie_id" = ?  [["movie_id", 1]]
  [1m[36mUser Load (0.3ms)[0m  [1mSELECT "users".* FROM "users" INNER JOIN "comments" ON "users"."id" = "comments"."user_id" WHERE "comments"."commentable_id" = ? AND "comments"."commentable_type" = ?[0m  [["commentable_id", 1], ["commentable_type", "Movie"]]
  [1m[35mReview Load (0.4ms)[0m  SELECT  "reviews".* FROM "reviews"   ORDER BY "reviews"."id" ASC LIMIT 1
  [1m[36mMovie Load (0.4ms)[0m  [1mSELECT  "movies".* FROM "movies"  WHERE "movies"."id" = ? LIMIT 1[0m  [["id", 1]]
  [1m[35mUser Load (0.4ms)[0m  SELECT  "users".* FROM "users"  WHERE "users"."id" = ? LIMIT 1  [["id", 1]]
  [1m[36mComment Load (0.2ms)[0m  [1mSELECT "comments".* FROM "comments"  WHERE "comments"."commentable_id" = ? AND "comments"."commentable_type" = ?[0m  [["commentable_id", 1], ["commentable_type", "Review"]]
  [1m[35mVote Load (0.3ms)[0m  SELECT "votes".* FROM "votes"  WHERE "votes"."voteable_id" = ? AND "votes"."voteable_type" = ?  [["voteable_id", 1], ["voteable_type", "Review"]]
  [1m[36mGenre Load (0.3ms)[0m  [1mSELECT  "genres".* FROM "genres"   ORDER BY "genres"."id" ASC LIMIT 1[0m
  [1m[35mMovie Load (0.2ms)[0m  SELECT "movies".* FROM "movies"  WHERE "movies"."genre_id" = ?  [["genre_id", 1]]
  [1m[36mComment Load (0.3ms)[0m  [1mSELECT  "comments".* FROM "comments"   ORDER BY "comments"."id" ASC LIMIT 1[0m
  [1m[35mUser Load (0.3ms)[0m  SELECT  "users".* FROM "users"  WHERE "users"."id" = ? LIMIT 1  [["id", 1]]
  [1m[36mReview Load (0.3ms)[0m  [1mSELECT  "reviews".* FROM "reviews"  WHERE "reviews"."id" = ? LIMIT 1[0m  [["id", 1]]
  [1m[35mComment Load (0.2ms)[0m  SELECT "comments".* FROM "comments"  WHERE "comments"."commentable_id" = ? AND "comments"."commentable_type" = ?  [["commentable_id", 1], ["commentable_type", "Comment"]]
  [1m[36mVote Load (0.2ms)[0m  [1mSELECT "votes".* FROM "votes"  WHERE "votes"."voteable_id" = ? AND "votes"."voteable_type" = ?[0m  [["voteable_id", 1], ["voteable_type", "Comment"]]
  [1m[35mComment Load (0.4ms)[0m  SELECT "comments".* FROM "comments"
  [1m[36mComment Load (0.4ms)[0m  [1mSELECT  "comments".* FROM "comments"   ORDER BY "comments"."id" DESC LIMIT 1[0m
  [1m[35mComment Load (0.3ms)[0m  SELECT "comments".* FROM "comments"  WHERE "comments"."commentable_id" = ? AND "comments"."commentable_type" = ?  [["commentable_id", 3], ["commentable_type", "Comment"]]
  [1m[36mComment Load (0.4ms)[0m  [1mSELECT  "comments".* FROM "comments"  WHERE "comments"."id" = ? LIMIT 1[0m  [["id", 2]]
  [1m[35mComment Load (0.2ms)[0m  SELECT  "comments".* FROM "comments"  WHERE "comments"."id" = ? LIMIT 1  [["id", 2]]
  [1m[36mComment Load (0.2ms)[0m  [1mSELECT "comments".* FROM "comments"  WHERE "comments"."commentable_id" = ? AND "comments"."commentable_type" = ?[0m  [["commentable_id", 2], ["commentable_type", "Comment"]]
  [1m[35mUser Load (0.4ms)[0m  SELECT  "users".* FROM "users"   ORDER BY "users"."id" ASC LIMIT 1
  [1m[36mComment Load (0.3ms)[0m  [1mSELECT "comments".* FROM "comments"  WHERE "comments"."user_id" = ?[0m  [["user_id", 1]]
  [1m[35mReview Load (0.4ms)[0m  SELECT "reviews".* FROM "reviews"  WHERE "reviews"."user_id" = ?  [["user_id", 1]]
  [1m[36mVote Load (0.4ms)[0m  [1mSELECT "votes".* FROM "votes"  WHERE "votes"."user_id" = ?[0m  [["user_id", 1]]
  [1m[35mMovie Load (0.3ms)[0m  SELECT "movies".* FROM "movies" INNER JOIN "reviews" ON "movies"."id" = "reviews"."movie_id" WHERE "reviews"."user_id" = ?  [["user_id", 1]]
  [1m[36mVote Load (0.4ms)[0m  [1mSELECT  "votes".* FROM "votes"   ORDER BY "votes"."id" ASC LIMIT 1[0m
  [1m[35mUser Load (0.3ms)[0m  SELECT  "users".* FROM "users"  WHERE "users"."id" = ? LIMIT 1  [["id", 1]]
  [1m[36mComment Load (0.2ms)[0m  [1mSELECT  "comments".* FROM "comments"  WHERE "comments"."id" = ? LIMIT 1[0m  [["id", 1]]
  [1m[36m (1.4ms)[0m  [1mCREATE TABLE "schema_migrations" ("version" varchar(255) NOT NULL) [0m
  [1m[35m (0.1ms)[0m  select sqlite_version(*)
  [1m[36m (1.1ms)[0m  [1mCREATE UNIQUE INDEX "unique_schema_migrations" ON "schema_migrations" ("version")[0m
  [1m[35mActiveRecord::SchemaMigration Load (0.1ms)[0m  SELECT "schema_migrations".* FROM "schema_migrations"
Migrating to CreateUsers (20150520190133)
  [1m[36m (0.1ms)[0m  [1mbegin transaction[0m
  [1m[35m (0.6ms)[0m  CREATE TABLE "users" ("id" INTEGER PRIMARY KEY AUTOINCREMENT NOT NULL, "name" varchar(255), "username" varchar(255), "password_digest" varchar(255), "created_at" datetime, "updated_at" datetime) 
  [1m[36mSQL (0.3ms)[0m  [1mINSERT INTO "schema_migrations" ("version") VALUES (?)[0m  [["version", "20150520190133"]]
  [1m[35m (1.3ms)[0m  commit transaction
Migrating to CreateGenres (20150520190148)
  [1m[36m (0.1ms)[0m  [1mbegin transaction[0m
  [1m[35m (0.5ms)[0m  CREATE TABLE "genres" ("id" INTEGER PRIMARY KEY AUTOINCREMENT NOT NULL, "name" varchar(255), "created_at" datetime, "updated_at" datetime) 
  [1m[36mSQL (0.2ms)[0m  [1mINSERT INTO "schema_migrations" ("version") VALUES (?)[0m  [["version", "20150520190148"]]
  [1m[35m (1.2ms)[0m  commit transaction
Migrating to CreateMovies (20150520190305)
  [1m[36m (0.1ms)[0m  [1mbegin transaction[0m
  [1m[35m (0.3ms)[0m  CREATE TABLE "movies" ("id" INTEGER PRIMARY KEY AUTOINCREMENT NOT NULL, "title" varchar(255), "runtime" integer, "synopsis" text, "genre_id" integer, "created_at" datetime, "updated_at" datetime) 
  [1m[36m (0.1ms)[0m  [1mCREATE  INDEX "index_movies_on_genre_id" ON "movies" ("genre_id")[0m
  [1m[35mSQL (0.1ms)[0m  INSERT INTO "schema_migrations" ("version") VALUES (?)  [["version", "20150520190305"]]
  [1m[36m (1.2ms)[0m  [1mcommit transaction[0m
Migrating to CreateVotes (20150520190730)
  [1m[35m (0.1ms)[0m  begin transaction
  [1m[36m (0.3ms)[0m  [1mCREATE TABLE "votes" ("id" INTEGER PRIMARY KEY AUTOINCREMENT NOT NULL, "direction" boolean, "user_id" integer, "voteable_id" integer, "voteable_type" varchar(255), "created_at" datetime, "updated_at" datetime) [0m
  [1m[35m (0.1ms)[0m  CREATE  INDEX "index_votes_on_user_id" ON "votes" ("user_id")
  [1m[36m (0.1ms)[0m  [1m            SELECT sql
            FROM sqlite_master
            WHERE name='index_votes_on_user_id' AND type='index'
            UNION ALL
            SELECT sql
            FROM sqlite_temp_master
            WHERE name='index_votes_on_user_id' AND type='index'
[0m
  [1m[35m (0.1ms)[0m  CREATE  INDEX "index_votes_on_voteable_id_and_voteable_type" ON "votes" ("voteable_id", "voteable_type")
  [1m[36mSQL (0.2ms)[0m  [1mINSERT INTO "schema_migrations" ("version") VALUES (?)[0m  [["version", "20150520190730"]]
  [1m[35m (1.0ms)[0m  commit transaction
Migrating to CreateReviews (20150520191101)
  [1m[36m (0.1ms)[0m  [1mbegin transaction[0m
  [1m[35m (0.4ms)[0m  CREATE TABLE "reviews" ("id" INTEGER PRIMARY KEY AUTOINCREMENT NOT NULL, "body" text, "score" integer, "movie_id" integer, "user_id" integer, "created_at" datetime, "updated_at" datetime) 
  [1m[36m (0.2ms)[0m  [1mCREATE  INDEX "index_reviews_on_movie_id" ON "reviews" ("movie_id")[0m
  [1m[35m (0.1ms)[0m              SELECT sql
            FROM sqlite_master
            WHERE name='index_reviews_on_movie_id' AND type='index'
            UNION ALL
            SELECT sql
            FROM sqlite_temp_master
            WHERE name='index_reviews_on_movie_id' AND type='index'

  [1m[36m (0.1ms)[0m  [1mCREATE  INDEX "index_reviews_on_user_id" ON "reviews" ("user_id")[0m
  [1m[35mSQL (0.2ms)[0m  INSERT INTO "schema_migrations" ("version") VALUES (?)  [["version", "20150520191101"]]
  [1m[36m (1.3ms)[0m  [1mcommit transaction[0m
Migrating to CreateComments (20150520191150)
  [1m[35m (0.1ms)[0m  begin transaction
  [1m[36m (0.5ms)[0m  [1mCREATE TABLE "comments" ("id" INTEGER PRIMARY KEY AUTOINCREMENT NOT NULL, "body" text, "user_id" integer, "commentable_id" integer, "commentable_type" varchar(255), "created_at" datetime, "updated_at" datetime) [0m
  [1m[35m (0.1ms)[0m  CREATE  INDEX "index_comments_on_user_id" ON "comments" ("user_id")
  [1m[36m (0.1ms)[0m  [1m            SELECT sql
            FROM sqlite_master
            WHERE name='index_comments_on_user_id' AND type='index'
            UNION ALL
            SELECT sql
            FROM sqlite_temp_master
            WHERE name='index_comments_on_user_id' AND type='index'
[0m
  [1m[35m (0.1ms)[0m  CREATE  INDEX "index_comments_on_commentable_id_and_commentable_type" ON "comments" ("commentable_id", "commentable_type")
  [1m[36mSQL (0.1ms)[0m  [1mINSERT INTO "schema_migrations" ("version") VALUES (?)[0m  [["version", "20150520191150"]]
  [1m[35m (1.2ms)[0m  commit transaction
  [1m[36mActiveRecord::SchemaMigration Load (0.1ms)[0m  [1mSELECT "schema_migrations".* FROM "schema_migrations"[0m
  [1m[35m (0.1ms)[0m              SELECT sql
            FROM sqlite_master
            WHERE name='index_comments_on_commentable_id_and_commentable_type' AND type='index'
            UNION ALL
            SELECT sql
            FROM sqlite_temp_master
            WHERE name='index_comments_on_commentable_id_and_commentable_type' AND type='index'

  [1m[36m (0.1ms)[0m  [1m            SELECT sql
            FROM sqlite_master
            WHERE name='index_comments_on_user_id' AND type='index'
            UNION ALL
            SELECT sql
            FROM sqlite_temp_master
            WHERE name='index_comments_on_user_id' AND type='index'
[0m
  [1m[35m (0.1ms)[0m              SELECT sql
            FROM sqlite_master
            WHERE name='index_movies_on_genre_id' AND type='index'
            UNION ALL
            SELECT sql
            FROM sqlite_temp_master
            WHERE name='index_movies_on_genre_id' AND type='index'

  [1m[36m (0.1ms)[0m  [1m            SELECT sql
            FROM sqlite_master
            WHERE name='index_reviews_on_user_id' AND type='index'
            UNION ALL
            SELECT sql
            FROM sqlite_temp_master
            WHERE name='index_reviews_on_user_id' AND type='index'
[0m
  [1m[35m (0.1ms)[0m              SELECT sql
            FROM sqlite_master
            WHERE name='index_reviews_on_movie_id' AND type='index'
            UNION ALL
            SELECT sql
            FROM sqlite_temp_master
            WHERE name='index_reviews_on_movie_id' AND type='index'

  [1m[36m (0.1ms)[0m  [1m            SELECT sql
            FROM sqlite_master
            WHERE name='index_votes_on_voteable_id_and_voteable_type' AND type='index'
            UNION ALL
            SELECT sql
            FROM sqlite_temp_master
            WHERE name='index_votes_on_voteable_id_and_voteable_type' AND type='index'
[0m
  [1m[35m (0.1ms)[0m              SELECT sql
            FROM sqlite_master
            WHERE name='index_votes_on_user_id' AND type='index'
            UNION ALL
            SELECT sql
            FROM sqlite_temp_master
            WHERE name='index_votes_on_user_id' AND type='index'

  [1m[36mActiveRecord::SchemaMigration Load (0.1ms)[0m  [1mSELECT "schema_migrations".* FROM "schema_migrations"[0m
  [1m[35m (0.1ms)[0m  begin transaction
  [1m[36mSQL (0.6ms)[0m  [1mINSERT INTO "genres" ("created_at", "name", "updated_at") VALUES (?, ?, ?)[0m  [["created_at", "2015-05-20 20:53:52.102995"], ["name", "Comedy"], ["updated_at", "2015-05-20 20:53:52.102995"]]
  [1m[35m (1.3ms)[0m  commit transaction
  [1m[36m (0.1ms)[0m  [1mbegin transaction[0m
  [1m[35mSQL (0.4ms)[0m  INSERT INTO "movies" ("created_at", "genre_id", "runtime", "synopsis", "title", "updated_at") VALUES (?, ?, ?, ?, ?, ?)  [["created_at", "2015-05-20 20:53:52.201445"], ["genre_id", 1], ["runtime", 105], ["synopsis", "Three unemployed parapsychology professors set up shop as a unique ghost removal service."], ["title", "Ghostbusters"], ["updated_at", "2015-05-20 20:53:52.201445"]]
  [1m[36m (1.2ms)[0m  [1mcommit transaction[0m
  [1m[35m (0.1ms)[0m  begin transaction
Binary data inserted for `string` type on column `password_digest`
  [1m[36mSQL (0.3ms)[0m  [1mINSERT INTO "users" ("created_at", "name", "password_digest", "updated_at", "username") VALUES (?, ?, ?, ?, ?)[0m  [["created_at", "2015-05-20 20:53:52.283979"], ["name", "Bobbo"], ["password_digest", "$2a$10$q5BD7JhuH9KdYNcAlKKH0OjMs0XNTazQNORId162JM8zU2ewuCbli"], ["updated_at", "2015-05-20 20:53:52.283979"], ["username", "Bob"]]
  [1m[35m (0.9ms)[0m  commit transaction
  [1m[36m (0.0ms)[0m  [1mbegin transaction[0m
  [1m[35mSQL (0.4ms)[0m  INSERT INTO "reviews" ("body", "created_at", "movie_id", "score", "updated_at", "user_id") VALUES (?, ?, ?, ?, ?, ?)  [["body", "BEST MOVIE EVAAAAAAR!!!!! I LOVE RICK MORANIS"], ["created_at", "2015-05-20 20:53:52.297926"], ["movie_id", 1], ["score", 10], ["updated_at", "2015-05-20 20:53:52.297926"], ["user_id", 1]]
  [1m[36m (1.5ms)[0m  [1mcommit transaction[0m
  [1m[35m (0.1ms)[0m  begin transaction
  [1m[36mSQL (0.4ms)[0m  [1mINSERT INTO "comments" ("body", "commentable_id", "commentable_type", "created_at", "updated_at", "user_id") VALUES (?, ?, ?, ?, ?, ?)[0m  [["body", "don't cross the streams!"], ["commentable_id", 1], ["commentable_type", "Review"], ["created_at", "2015-05-20 20:53:52.313765"], ["updated_at", "2015-05-20 20:53:52.313765"], ["user_id", 1]]
  [1m[35m (1.2ms)[0m  commit transaction
  [1m[36m (0.0ms)[0m  [1mbegin transaction[0m
  [1m[35mSQL (0.3ms)[0m  INSERT INTO "comments" ("body", "commentable_id", "commentable_type", "created_at", "updated_at", "user_id") VALUES (?, ?, ?, ?, ?, ?)  [["body", "i love this movie. it's so cool."], ["commentable_id", 1], ["commentable_type", "Movie"], ["created_at", "2015-05-20 20:53:52.318011"], ["updated_at", "2015-05-20 20:53:52.318011"], ["user_id", 1]]
  [1m[36m (1.2ms)[0m  [1mcommit transaction[0m
  [1m[35m (0.0ms)[0m  begin transaction
  [1m[36mSQL (0.3ms)[0m  [1mINSERT INTO "comments" ("body", "commentable_id", "commentable_type", "created_at", "updated_at", "user_id") VALUES (?, ?, ?, ?, ?, ?)[0m  [["body", "i agree. this movie is so cool. and i'm commeting on my own comment. i agree so much with myself"], ["commentable_id", 2], ["commentable_type", "Comment"], ["created_at", "2015-05-20 20:53:52.321517"], ["updated_at", "2015-05-20 20:53:52.321517"], ["user_id", 1]]
  [1m[35m (1.1ms)[0m  commit transaction
  [1m[36m (0.0ms)[0m  [1mbegin transaction[0m
  [1m[35mSQL (0.6ms)[0m  INSERT INTO "votes" ("created_at", "direction", "updated_at", "user_id", "voteable_id", "voteable_type") VALUES (?, ?, ?, ?, ?, ?)  [["created_at", "2015-05-20 20:53:52.333293"], ["direction", "t"], ["updated_at", "2015-05-20 20:53:52.333293"], ["user_id", 1], ["voteable_id", 1], ["voteable_type", "Comment"]]
  [1m[36m (1.7ms)[0m  [1mcommit transaction[0m
  [1m[35m (0.1ms)[0m  begin transaction
  [1m[36mSQL (0.3ms)[0m  [1mINSERT INTO "votes" ("created_at", "direction", "updated_at", "user_id", "voteable_id", "voteable_type") VALUES (?, ?, ?, ?, ?, ?)[0m  [["created_at", "2015-05-20 20:53:52.339166"], ["direction", "t"], ["updated_at", "2015-05-20 20:53:52.339166"], ["user_id", 1], ["voteable_id", 1], ["voteable_type", "Review"]]
  [1m[35m (1.2ms)[0m  commit transaction
